functions/build/app/intermediates/manifest_merge_blame_file/debug/manifest-merger-blame-debug-report.txt
1<?xml version="1.0" encoding="utf-8"?>
2<manifest xmlns:android="http://schemas.android.com/apk/res/android"
3    package="com.zenn.Vallico"
4    android:versionCode="3"
5    android:versionName="1.2.0" >
6
7    <uses-sdk
8        android:minSdkVersion="24"
9        android:targetSdkVersion="34" />
10    <!--
11         The INTERNET permission is required for development. Specifically,
12         the Flutter tool needs it to communicate with the running application
13         to allow setting breakpoints, to provide hot reload, etc.
14    -->
15    <uses-permission android:name="android.permission.INTERNET" />
15-->src\main\AndroidManifest.xml:51:5-67
15-->src\main\AndroidManifest.xml:51:22-64
16    <uses-permission android:name="android.permission.READ_EXTERNAL_STORAGE" />
16-->src\main\AndroidManifest.xml:52:5-80
16-->src\main\AndroidManifest.xml:52:22-77
17    <uses-permission android:name="android.permission.WRITE_EXTERNAL_STORAGE" />
17-->src\main\AndroidManifest.xml:53:5-81
17-->src\main\AndroidManifest.xml:53:22-78
18    <uses-permission android:name="android.permission.CAMERA" />
18-->src\main\AndroidManifest.xml:54:5-65
18-->src\main\AndroidManifest.xml:54:22-62
19    <uses-permission android:name="android.permission.ACCESS_NETWORK_STATE" />
19-->src\main\AndroidManifest.xml:55:5-78
19-->src\main\AndroidManifest.xml:55:22-76
20    <uses-permission android:name="android.permission.WAKE_LOCK" />
20-->src\main\AndroidManifest.xml:56:5-67
20-->src\main\AndroidManifest.xml:56:22-65
21    <uses-permission android:name="android.permission.POST_NOTIFICATIONS" />
21-->src\main\AndroidManifest.xml:57:5-76
21-->src\main\AndroidManifest.xml:57:22-74
22    <uses-permission android:name="com.google.android.c2dm.permission.RECEIVE" />
22-->src\main\AndroidManifest.xml:58:5-81
22-->src\main\AndroidManifest.xml:58:22-79
23    <uses-permission android:name="com.zenn.Vallico.DYNAMIC_RECEIVER_NOT_EXPORTED_PERMISSION" />
23-->src\main\AndroidManifest.xml:59:5-96
23-->src\main\AndroidManifest.xml:59:22-94
24    <uses-permission android:name="android.permission.ACCESS_FINE_LOCATION" />
24-->src\main\AndroidManifest.xml:60:5-79
24-->src\main\AndroidManifest.xml:60:22-76
25    <uses-permission android:name="android.permission.ACCESS_COARSE_LOCATION" />
25-->src\main\AndroidManifest.xml:61:5-81
25-->src\main\AndroidManifest.xml:61:22-78
26
27    <queries>
27-->src\main\AndroidManifest.xml:63:5-68:15
28        <intent>
28-->src\main\AndroidManifest.xml:64:9-67:18
29            <action android:name="android.intent.action.PROCESS_TEXT" />
29-->src\main\AndroidManifest.xml:65:13-72
29-->src\main\AndroidManifest.xml:65:21-70
30
31            <data android:mimeType="text/plain" />
31-->src\main\AndroidManifest.xml:66:13-50
31-->src\main\AndroidManifest.xml:66:19-48
32        </intent>
33        <intent>
33-->[:file_picker] AndroidManifest.xml:8:9-12:18
34            <action android:name="android.intent.action.GET_CONTENT" />
34-->[:file_picker] AndroidManifest.xml:9:13-72
34-->[:file_picker] AndroidManifest.xml:9:21-69
35
36            <data android:mimeType="*/*" />
36-->src\main\AndroidManifest.xml:66:13-50
36-->src\main\AndroidManifest.xml:66:19-48
37        </intent> <!-- Needs to be explicitly declared on Android R+ -->
38        <package android:name="com.google.android.apps.maps" />
38-->[com.google.android.gms:play-services-maps:18.2.0] AndroidManifest.xml:33:9-64
38-->[com.google.android.gms:play-services-maps:18.2.0] AndroidManifest.xml:33:18-61
39    </queries>
40
41    <uses-permission android:name="android.permission.RECORD_AUDIO" />
41-->[:record_android] AndroidManifest.xml:7:5-71
41-->[:record_android] AndroidManifest.xml:7:22-68
42    <uses-permission android:name="android.permission.VIBRATE" />
42-->[:flutter_local_notifications] AndroidManifest.xml:7:5-66
42-->[:flutter_local_notifications] AndroidManifest.xml:7:22-63
43    <uses-permission android:name="android.permission.BLUETOOTH" />
43-->[com.github.canardoux:flutter_sound_core:9.21.1] AndroidManifest.xml:7:5-68
43-->[com.github.canardoux:flutter_sound_core:9.21.1] AndroidManifest.xml:7:22-65
44    <uses-permission android:name="android.permission.MODIFY_AUDIO_SETTINGS" />
44-->[com.github.canardoux:flutter_sound_core:9.21.1] AndroidManifest.xml:9:5-80
44-->[com.github.canardoux:flutter_sound_core:9.21.1] AndroidManifest.xml:9:22-77
45    <uses-permission android:name="Manifest.permission.CAPTURE_AUDIO_OUTPUT" />
45-->[com.github.canardoux:flutter_sound_core:9.21.1] AndroidManifest.xml:11:5-80
45-->[com.github.canardoux:flutter_sound_core:9.21.1] AndroidManifest.xml:11:22-77
46
47    <uses-feature
47-->[com.google.android.gms:play-services-maps:18.2.0] AndroidManifest.xml:26:5-28:35
48        android:glEsVersion="0x00020000"
48-->[com.google.android.gms:play-services-maps:18.2.0] AndroidManifest.xml:27:9-41
49        android:required="true" />
49-->[com.google.android.gms:play-services-maps:18.2.0] AndroidManifest.xml:28:9-32
50
51    <uses-permission android:name="com.google.android.providers.gsf.permission.READ_GSERVICES" />
51-->[com.google.android.recaptcha:recaptcha:18.5.1] AndroidManifest.xml:9:5-98
51-->[com.google.android.recaptcha:recaptcha:18.5.1] AndroidManifest.xml:9:22-95
52
53    <permission
53-->[androidx.core:core:1.13.1] AndroidManifest.xml:22:5-24:47
54        android:name="com.zenn.Vallico.DYNAMIC_RECEIVER_NOT_EXPORTED_PERMISSION"
54-->[androidx.core:core:1.13.1] AndroidManifest.xml:23:9-81
55        android:protectionLevel="signature" />
55-->[androidx.core:core:1.13.1] AndroidManifest.xml:24:9-44
56
57    <application
57-->src\main\AndroidManifest.xml:4:5-48:19
58        android:name="com.zenn.Vallico.MyApplication"
58-->src\main\AndroidManifest.xml:6:9-38
59        android:appComponentFactory="androidx.core.app.CoreComponentFactory"
59-->[androidx.core:core:1.13.1] AndroidManifest.xml:28:18-86
60        android:debuggable="true"
61        android:enableOnBackInvokedCallback="true"
61-->src\main\AndroidManifest.xml:8:9-51
62        android:extractNativeLibs="false"
63        android:icon="@mipmap/ic_launcher"
63-->src\main\AndroidManifest.xml:7:9-43
64        android:label="z_emp" >
64-->src\main\AndroidManifest.xml:5:9-30
65        <activity
65-->src\main\AndroidManifest.xml:11:9-29:20
66            android:name="com.zenn.Vallico.MainActivity"
66-->src\main\AndroidManifest.xml:12:13-41
67            android:configChanges="orientation|keyboardHidden|keyboard|screenSize|smallestScreenSize|locale|layoutDirection|fontScale|screenLayout|density|uiMode"
67-->src\main\AndroidManifest.xml:17:13-163
68            android:exported="true"
68-->src\main\AndroidManifest.xml:13:13-36
69            android:hardwareAccelerated="true"
69-->src\main\AndroidManifest.xml:18:13-47
70            android:launchMode="singleTop"
70-->src\main\AndroidManifest.xml:14:13-43
71            android:taskAffinity=""
71-->src\main\AndroidManifest.xml:15:13-36
72            android:theme="@style/LaunchTheme"
72-->src\main\AndroidManifest.xml:16:13-47
73            android:windowSoftInputMode="adjustResize" >
73-->src\main\AndroidManifest.xml:19:13-55
74            <meta-data
74-->src\main\AndroidManifest.xml:21:13-23:57
75                android:name="io.flutter.embedding.android.NormalTheme"
75-->src\main\AndroidManifest.xml:22:17-72
76                android:resource="@style/NormalTheme" />
76-->src\main\AndroidManifest.xml:23:17-54
77
78            <intent-filter>
78-->src\main\AndroidManifest.xml:25:13-28:29
79                <action android:name="android.intent.action.MAIN" />
79-->src\main\AndroidManifest.xml:26:17-68
79-->src\main\AndroidManifest.xml:26:25-66
80
81                <category android:name="android.intent.category.LAUNCHER" />
81-->src\main\AndroidManifest.xml:27:17-76
81-->src\main\AndroidManifest.xml:27:27-74
82            </intent-filter>
83        </activity>
84
85        <service
85-->src\main\AndroidManifest.xml:31:9-37:19
86            android:name="com.google.firebase.messaging.FirebaseMessagingService"
86-->src\main\AndroidManifest.xml:32:13-82
87            android:directBootAware="true"
87-->[com.google.firebase:firebase-messaging:24.1.0] AndroidManifest.xml:48:13-43
88            android:exported="false" >
88-->src\main\AndroidManifest.xml:33:13-37
89            <intent-filter>
89-->src\main\AndroidManifest.xml:34:13-36:29
90                <action android:name="com.google.firebase.MESSAGING_EVENT" />
90-->src\main\AndroidManifest.xml:35:17-77
90-->src\main\AndroidManifest.xml:35:25-75
91            </intent-filter>
92            <intent-filter android:priority="-500" >
92-->src\main\AndroidManifest.xml:34:13-36:29
93                <action android:name="com.google.firebase.MESSAGING_EVENT" />
93-->src\main\AndroidManifest.xml:35:17-77
93-->src\main\AndroidManifest.xml:35:25-75
94            </intent-filter>
95        </service>
96
97        <provider
97-->src\main\AndroidManifest.xml:39:9-42:40
98            android:name="com.google.firebase.provider.FirebaseInitProvider"
98-->src\main\AndroidManifest.xml:40:13-77
99            android:authorities="com.zenn.Vallico.firebaseinitprovider"
99-->src\main\AndroidManifest.xml:41:13-72
100            android:directBootAware="true"
100-->[com.google.firebase:firebase-common:21.0.0] AndroidManifest.xml:26:13-43
101            android:exported="false"
101-->src\main\AndroidManifest.xml:42:13-37
102            android:initOrder="100" />
102-->[com.google.firebase:firebase-common:21.0.0] AndroidManifest.xml:28:13-36
103
104        <meta-data
104-->src\main\AndroidManifest.xml:44:9-46:33
105            android:name="flutterEmbedding"
105-->src\main\AndroidManifest.xml:45:13-44
106            android:value="2" />
106-->src\main\AndroidManifest.xml:46:13-30
107
108        <service
108-->[:cloud_firestore] AndroidManifest.xml:8:9-12:19
109            android:name="com.google.firebase.components.ComponentDiscoveryService"
109-->[:cloud_firestore] AndroidManifest.xml:8:18-89
110            android:directBootAware="true"
110-->[com.google.firebase:firebase-common:21.0.0] AndroidManifest.xml:32:13-43
111            android:exported="false" >
111-->[com.google.firebase:firebase-appcheck-playintegrity:18.0.0] AndroidManifest.xml:24:13-37
112            <meta-data
112-->[:cloud_firestore] AndroidManifest.xml:9:13-11:85
113                android:name="com.google.firebase.components:io.flutter.plugins.firebase.firestore.FlutterFirebaseFirestoreRegistrar"
113-->[:cloud_firestore] AndroidManifest.xml:10:17-134
114                android:value="com.google.firebase.components.ComponentRegistrar" />
114-->[:cloud_firestore] AndroidManifest.xml:11:17-82
115            <meta-data
115-->[:cloud_functions] AndroidManifest.xml:9:13-11:85
116                android:name="com.google.firebase.components:io.flutter.plugins.firebase.functions.FlutterFirebaseAppRegistrar"
116-->[:cloud_functions] AndroidManifest.xml:10:17-128
117                android:value="com.google.firebase.components.ComponentRegistrar" />
117-->[:cloud_functions] AndroidManifest.xml:11:17-82
118            <meta-data
118-->[:firebase_app_check] AndroidManifest.xml:9:13-11:85
119                android:name="com.google.firebase.components:io.flutter.plugins.firebase.appcheck.FlutterFirebaseAppRegistrar"
119-->[:firebase_app_check] AndroidManifest.xml:10:17-127
120                android:value="com.google.firebase.components.ComponentRegistrar" />
120-->[:firebase_app_check] AndroidManifest.xml:11:17-82
121            <meta-data
121-->[:firebase_auth] AndroidManifest.xml:9:13-11:85
122                android:name="com.google.firebase.components:io.flutter.plugins.firebase.auth.FlutterFirebaseAuthRegistrar"
122-->[:firebase_auth] AndroidManifest.xml:10:17-124
123                android:value="com.google.firebase.components.ComponentRegistrar" />
123-->[:firebase_auth] AndroidManifest.xml:11:17-82
124            <meta-data
124-->[:firebase_messaging] AndroidManifest.xml:36:13-38:85
125                android:name="com.google.firebase.components:io.flutter.plugins.firebase.messaging.FlutterFirebaseAppRegistrar"
125-->[:firebase_messaging] AndroidManifest.xml:37:17-128
126                android:value="com.google.firebase.components.ComponentRegistrar" />
126-->[:firebase_messaging] AndroidManifest.xml:38:17-82
127            <meta-data
127-->[:firebase_storage] AndroidManifest.xml:9:13-11:85
128                android:name="com.google.firebase.components:io.flutter.plugins.firebase.storage.FlutterFirebaseAppRegistrar"
128-->[:firebase_storage] AndroidManifest.xml:10:17-126
129                android:value="com.google.firebase.components.ComponentRegistrar" />
129-->[:firebase_storage] AndroidManifest.xml:11:17-82
130            <meta-data
130-->[:firebase_core] AndroidManifest.xml:9:13-11:85
131                android:name="com.google.firebase.components:io.flutter.plugins.firebase.core.FlutterFirebaseCoreRegistrar"
131-->[:firebase_core] AndroidManifest.xml:10:17-124
132                android:value="com.google.firebase.components.ComponentRegistrar" />
132-->[:firebase_core] AndroidManifest.xml:11:17-82
133            <meta-data
133-->[com.google.firebase:firebase-appcheck-playintegrity:18.0.0] AndroidManifest.xml:25:13-27:85
134                android:name="com.google.firebase.components:com.google.firebase.appcheck.playintegrity.FirebaseAppCheckPlayIntegrityRegistrar"
134-->[com.google.firebase:firebase-appcheck-playintegrity:18.0.0] AndroidManifest.xml:26:17-144
135                android:value="com.google.firebase.components.ComponentRegistrar" />
135-->[com.google.firebase:firebase-appcheck-playintegrity:18.0.0] AndroidManifest.xml:27:17-82
136            <meta-data
136-->[com.google.firebase:firebase-firestore:25.1.1] AndroidManifest.xml:17:13-19:85
137                android:name="com.google.firebase.components:com.google.firebase.firestore.FirebaseFirestoreKtxRegistrar"
137-->[com.google.firebase:firebase-firestore:25.1.1] AndroidManifest.xml:18:17-122
138                android:value="com.google.firebase.components.ComponentRegistrar" />
138-->[com.google.firebase:firebase-firestore:25.1.1] AndroidManifest.xml:19:17-82
139            <meta-data
139-->[com.google.firebase:firebase-firestore:25.1.1] AndroidManifest.xml:20:13-22:85
140                android:name="com.google.firebase.components:com.google.firebase.firestore.FirestoreRegistrar"
140-->[com.google.firebase:firebase-firestore:25.1.1] AndroidManifest.xml:21:17-111
141                android:value="com.google.firebase.components.ComponentRegistrar" />
141-->[com.google.firebase:firebase-firestore:25.1.1] AndroidManifest.xml:22:17-82
142            <meta-data
142-->[com.google.firebase:firebase-functions:21.1.0] AndroidManifest.xml:15:13-17:85
143                android:name="com.google.firebase.components:com.google.firebase.functions.FirebaseFunctionsKtxRegistrar"
143-->[com.google.firebase:firebase-functions:21.1.0] AndroidManifest.xml:16:17-122
144                android:value="com.google.firebase.components.ComponentRegistrar" />
144-->[com.google.firebase:firebase-functions:21.1.0] AndroidManifest.xml:17:17-82
145            <meta-data
145-->[com.google.firebase:firebase-functions:21.1.0] AndroidManifest.xml:18:13-20:85
146                android:name="com.google.firebase.components:com.google.firebase.functions.FunctionsRegistrar"
146-->[com.google.firebase:firebase-functions:21.1.0] AndroidManifest.xml:19:17-111
147                android:value="com.google.firebase.components.ComponentRegistrar" />
147-->[com.google.firebase:firebase-functions:21.1.0] AndroidManifest.xml:20:17-82
148            <meta-data
148-->[com.google.firebase:firebase-appcheck-debug:18.0.0] AndroidManifest.xml:25:13-27:85
149                android:name="com.google.firebase.components:com.google.firebase.appcheck.debug.FirebaseAppCheckDebugRegistrar"
149-->[com.google.firebase:firebase-appcheck-debug:18.0.0] AndroidManifest.xml:26:17-128
150                android:value="com.google.firebase.components.ComponentRegistrar" />
150-->[com.google.firebase:firebase-appcheck-debug:18.0.0] AndroidManifest.xml:27:17-82
151            <meta-data
151-->[com.google.firebase:firebase-auth:23.1.0] AndroidManifest.xml:69:13-71:85
152                android:name="com.google.firebase.components:com.google.firebase.auth.FirebaseAuthRegistrar"
152-->[com.google.firebase:firebase-auth:23.1.0] AndroidManifest.xml:70:17-109
153                android:value="com.google.firebase.components.ComponentRegistrar" />
153-->[com.google.firebase:firebase-auth:23.1.0] AndroidManifest.xml:71:17-82
154            <meta-data
154-->[com.google.firebase:firebase-messaging:24.1.0] AndroidManifest.xml:57:13-59:85
155                android:name="com.google.firebase.components:com.google.firebase.messaging.FirebaseMessagingKtxRegistrar"
155-->[com.google.firebase:firebase-messaging:24.1.0] AndroidManifest.xml:58:17-122
156                android:value="com.google.firebase.components.ComponentRegistrar" />
156-->[com.google.firebase:firebase-messaging:24.1.0] AndroidManifest.xml:59:17-82
157            <meta-data
157-->[com.google.firebase:firebase-messaging:24.1.0] AndroidManifest.xml:60:13-62:85
158                android:name="com.google.firebase.components:com.google.firebase.messaging.FirebaseMessagingRegistrar"
158-->[com.google.firebase:firebase-messaging:24.1.0] AndroidManifest.xml:61:17-119
159                android:value="com.google.firebase.components.ComponentRegistrar" />
159-->[com.google.firebase:firebase-messaging:24.1.0] AndroidManifest.xml:62:17-82
160            <meta-data
160-->[com.google.firebase:firebase-storage:21.0.1] AndroidManifest.xml:30:13-32:85
161                android:name="com.google.firebase.components:com.google.firebase.storage.FirebaseStorageKtxRegistrar"
161-->[com.google.firebase:firebase-storage:21.0.1] AndroidManifest.xml:31:17-118
162                android:value="com.google.firebase.components.ComponentRegistrar" />
162-->[com.google.firebase:firebase-storage:21.0.1] AndroidManifest.xml:32:17-82
163            <meta-data
163-->[com.google.firebase:firebase-storage:21.0.1] AndroidManifest.xml:33:13-35:85
164                android:name="com.google.firebase.components:com.google.firebase.storage.StorageRegistrar"
164-->[com.google.firebase:firebase-storage:21.0.1] AndroidManifest.xml:34:17-107
165                android:value="com.google.firebase.components.ComponentRegistrar" />
165-->[com.google.firebase:firebase-storage:21.0.1] AndroidManifest.xml:35:17-82
166            <meta-data
166-->[com.google.firebase:firebase-appcheck-safetynet:16.1.2] AndroidManifest.xml:27:13-29:85
167                android:name="com.google.firebase.components:com.google.firebase.appcheck.safetynet.FirebaseAppCheckSafetyNetRegistrar"
167-->[com.google.firebase:firebase-appcheck-safetynet:16.1.2] AndroidManifest.xml:28:17-136
168                android:value="com.google.firebase.components.ComponentRegistrar" />
168-->[com.google.firebase:firebase-appcheck-safetynet:16.1.2] AndroidManifest.xml:29:17-82
169            <meta-data
169-->[com.google.firebase:firebase-appcheck:18.0.0] AndroidManifest.xml:25:13-27:85
170                android:name="com.google.firebase.components:com.google.firebase.appcheck.FirebaseAppCheckKtxRegistrar"
170-->[com.google.firebase:firebase-appcheck:18.0.0] AndroidManifest.xml:26:17-120
171                android:value="com.google.firebase.components.ComponentRegistrar" />
171-->[com.google.firebase:firebase-appcheck:18.0.0] AndroidManifest.xml:27:17-82
172            <meta-data
172-->[com.google.firebase:firebase-appcheck:18.0.0] AndroidManifest.xml:28:13-30:85
173                android:name="com.google.firebase.components:com.google.firebase.appcheck.FirebaseAppCheckRegistrar"
173-->[com.google.firebase:firebase-appcheck:18.0.0] AndroidManifest.xml:29:17-117
174                android:value="com.google.firebase.components.ComponentRegistrar" />
174-->[com.google.firebase:firebase-appcheck:18.0.0] AndroidManifest.xml:30:17-82
175            <meta-data
175-->[com.google.firebase:firebase-iid:21.1.0] AndroidManifest.xml:32:13-34:85
176                android:name="com.google.firebase.components:com.google.firebase.iid.Registrar"
176-->[com.google.firebase:firebase-iid:21.1.0] AndroidManifest.xml:33:17-96
177                android:value="com.google.firebase.components.ComponentRegistrar" />
177-->[com.google.firebase:firebase-iid:21.1.0] AndroidManifest.xml:34:17-82
178            <meta-data
178-->[com.google.firebase:firebase-installations:18.0.0] AndroidManifest.xml:15:13-17:85
179                android:name="com.google.firebase.components:com.google.firebase.installations.FirebaseInstallationsKtxRegistrar"
179-->[com.google.firebase:firebase-installations:18.0.0] AndroidManifest.xml:16:17-130
180                android:value="com.google.firebase.components.ComponentRegistrar" />
180-->[com.google.firebase:firebase-installations:18.0.0] AndroidManifest.xml:17:17-82
181            <meta-data
181-->[com.google.firebase:firebase-installations:18.0.0] AndroidManifest.xml:18:13-20:85
182                android:name="com.google.firebase.components:com.google.firebase.installations.FirebaseInstallationsRegistrar"
182-->[com.google.firebase:firebase-installations:18.0.0] AndroidManifest.xml:19:17-127
183                android:value="com.google.firebase.components.ComponentRegistrar" />
183-->[com.google.firebase:firebase-installations:18.0.0] AndroidManifest.xml:20:17-82
184            <meta-data
184-->[com.google.firebase:firebase-common-ktx:21.0.0] AndroidManifest.xml:12:13-14:85
185                android:name="com.google.firebase.components:com.google.firebase.ktx.FirebaseCommonLegacyRegistrar"
185-->[com.google.firebase:firebase-common-ktx:21.0.0] AndroidManifest.xml:13:17-116
186                android:value="com.google.firebase.components.ComponentRegistrar" />
186-->[com.google.firebase:firebase-common-ktx:21.0.0] AndroidManifest.xml:14:17-82
187            <meta-data
187-->[com.google.firebase:firebase-common:21.0.0] AndroidManifest.xml:35:13-37:85
188                android:name="com.google.firebase.components:com.google.firebase.FirebaseCommonKtxRegistrar"
188-->[com.google.firebase:firebase-common:21.0.0] AndroidManifest.xml:36:17-109
189                android:value="com.google.firebase.components.ComponentRegistrar" />
189-->[com.google.firebase:firebase-common:21.0.0] AndroidManifest.xml:37:17-82
190            <meta-data
190-->[com.google.firebase:firebase-datatransport:18.2.0] AndroidManifest.xml:25:13-27:85
191                android:name="com.google.firebase.components:com.google.firebase.datatransport.TransportRegistrar"
191-->[com.google.firebase:firebase-datatransport:18.2.0] AndroidManifest.xml:26:17-115
192                android:value="com.google.firebase.components.ComponentRegistrar" />
192-->[com.google.firebase:firebase-datatransport:18.2.0] AndroidManifest.xml:27:17-82
193        </service>
194        <service
194-->[:firebase_messaging] AndroidManifest.xml:14:9-17:72
195            android:name="io.flutter.plugins.firebase.messaging.FlutterFirebaseMessagingBackgroundService"
195-->[:firebase_messaging] AndroidManifest.xml:15:13-107
196            android:exported="false"
196-->[:firebase_messaging] AndroidManifest.xml:16:13-37
197            android:permission="android.permission.BIND_JOB_SERVICE" />
197-->[:firebase_messaging] AndroidManifest.xml:17:13-69
198        <service
198-->[:firebase_messaging] AndroidManifest.xml:18:9-24:19
199            android:name="io.flutter.plugins.firebase.messaging.FlutterFirebaseMessagingService"
199-->[:firebase_messaging] AndroidManifest.xml:19:13-97
200            android:exported="false" >
200-->[:firebase_messaging] AndroidManifest.xml:20:13-37
201            <intent-filter>
201-->src\main\AndroidManifest.xml:34:13-36:29
202                <action android:name="com.google.firebase.MESSAGING_EVENT" />
202-->src\main\AndroidManifest.xml:35:17-77
202-->src\main\AndroidManifest.xml:35:25-75
203            </intent-filter>
204        </service>
205
206        <receiver
206-->[:firebase_messaging] AndroidManifest.xml:26:9-33:20
207            android:name="io.flutter.plugins.firebase.messaging.FlutterFirebaseMessagingReceiver"
207-->[:firebase_messaging] AndroidManifest.xml:27:13-98
208            android:exported="true"
208-->[:firebase_messaging] AndroidManifest.xml:28:13-36
209            android:permission="com.google.android.c2dm.permission.SEND" >
209-->[:firebase_messaging] AndroidManifest.xml:29:13-73
210            <intent-filter>
210-->[:firebase_messaging] AndroidManifest.xml:30:13-32:29
211                <action android:name="com.google.android.c2dm.intent.RECEIVE" />
211-->[:firebase_messaging] AndroidManifest.xml:31:17-81
211-->[:firebase_messaging] AndroidManifest.xml:31:25-78
212            </intent-filter>
213        </receiver>
214
215        <provider
215-->[:firebase_messaging] AndroidManifest.xml:41:9-45:38
216            android:name="io.flutter.plugins.firebase.messaging.FlutterFirebaseMessagingInitProvider"
216-->[:firebase_messaging] AndroidManifest.xml:42:13-102
217            android:authorities="com.zenn.Vallico.flutterfirebasemessaginginitprovider"
217-->[:firebase_messaging] AndroidManifest.xml:43:13-88
218            android:exported="false"
218-->[:firebase_messaging] AndroidManifest.xml:44:13-37
219            android:initOrder="99" />
219-->[:firebase_messaging] AndroidManifest.xml:45:13-35
220
221        <activity
221-->[com.google.firebase:firebase-auth:23.1.0] AndroidManifest.xml:29:9-46:20
222            android:name="com.google.firebase.auth.internal.GenericIdpActivity"
222-->[com.google.firebase:firebase-auth:23.1.0] AndroidManifest.xml:30:13-80
223            android:excludeFromRecents="true"
223-->[com.google.firebase:firebase-auth:23.1.0] AndroidManifest.xml:31:13-46
224            android:exported="true"
224-->[com.google.firebase:firebase-auth:23.1.0] AndroidManifest.xml:32:13-36
225            android:launchMode="singleTask"
225-->[com.google.firebase:firebase-auth:23.1.0] AndroidManifest.xml:33:13-44
226            android:theme="@android:style/Theme.Translucent.NoTitleBar" >
226-->[com.google.firebase:firebase-auth:23.1.0] AndroidManifest.xml:34:13-72
227            <intent-filter>
227-->[com.google.firebase:firebase-auth:23.1.0] AndroidManifest.xml:35:13-45:29
228                <action android:name="android.intent.action.VIEW" />
228-->[com.google.firebase:firebase-auth:23.1.0] AndroidManifest.xml:36:17-69
228-->[com.google.firebase:firebase-auth:23.1.0] AndroidManifest.xml:36:25-66
229
230                <category android:name="android.intent.category.DEFAULT" />
230-->[com.google.firebase:firebase-auth:23.1.0] AndroidManifest.xml:38:17-76
230-->[com.google.firebase:firebase-auth:23.1.0] AndroidManifest.xml:38:27-73
231                <category android:name="android.intent.category.BROWSABLE" />
231-->[com.google.firebase:firebase-auth:23.1.0] AndroidManifest.xml:39:17-78
231-->[com.google.firebase:firebase-auth:23.1.0] AndroidManifest.xml:39:27-75
232
233                <data
233-->src\main\AndroidManifest.xml:66:13-50
234                    android:host="firebase.auth"
235                    android:path="/"
236                    android:scheme="genericidp" />
237            </intent-filter>
238        </activity>
239        <activity
239-->[com.google.firebase:firebase-auth:23.1.0] AndroidManifest.xml:47:9-64:20
240            android:name="com.google.firebase.auth.internal.RecaptchaActivity"
240-->[com.google.firebase:firebase-auth:23.1.0] AndroidManifest.xml:48:13-79
241            android:excludeFromRecents="true"
241-->[com.google.firebase:firebase-auth:23.1.0] AndroidManifest.xml:49:13-46
242            android:exported="true"
242-->[com.google.firebase:firebase-auth:23.1.0] AndroidManifest.xml:50:13-36
243            android:launchMode="singleTask"
243-->[com.google.firebase:firebase-auth:23.1.0] AndroidManifest.xml:51:13-44
244            android:theme="@android:style/Theme.Translucent.NoTitleBar" >
244-->[com.google.firebase:firebase-auth:23.1.0] AndroidManifest.xml:52:13-72
245            <intent-filter>
245-->[com.google.firebase:firebase-auth:23.1.0] AndroidManifest.xml:53:13-63:29
246                <action android:name="android.intent.action.VIEW" />
246-->[com.google.firebase:firebase-auth:23.1.0] AndroidManifest.xml:36:17-69
246-->[com.google.firebase:firebase-auth:23.1.0] AndroidManifest.xml:36:25-66
247
248                <category android:name="android.intent.category.DEFAULT" />
248-->[com.google.firebase:firebase-auth:23.1.0] AndroidManifest.xml:38:17-76
248-->[com.google.firebase:firebase-auth:23.1.0] AndroidManifest.xml:38:27-73
249                <category android:name="android.intent.category.BROWSABLE" />
249-->[com.google.firebase:firebase-auth:23.1.0] AndroidManifest.xml:39:17-78
249-->[com.google.firebase:firebase-auth:23.1.0] AndroidManifest.xml:39:27-75
250
251                <data
251-->src\main\AndroidManifest.xml:66:13-50
252                    android:host="firebase.auth"
253                    android:path="/"
254                    android:scheme="recaptcha" />
255            </intent-filter>
256        </activity>
257
258        <receiver
258-->[com.google.firebase:firebase-messaging:24.1.0] AndroidManifest.xml:29:9-40:20
259            android:name="com.google.firebase.iid.FirebaseInstanceIdReceiver"
259-->[com.google.firebase:firebase-messaging:24.1.0] AndroidManifest.xml:30:13-78
260            android:exported="true"
260-->[com.google.firebase:firebase-messaging:24.1.0] AndroidManifest.xml:31:13-36
261            android:permission="com.google.android.c2dm.permission.SEND" >
261-->[com.google.firebase:firebase-messaging:24.1.0] AndroidManifest.xml:32:13-73
262            <intent-filter>
262-->[:firebase_messaging] AndroidManifest.xml:30:13-32:29
263                <action android:name="com.google.android.c2dm.intent.RECEIVE" />